<?xml version="1.0" encoding="UTF-8"?>
<testsuite name="org.practice.springboot.web.IndexControllerTest" tests="1" skipped="0" failures="0" errors="0" timestamp="2020-09-29T08:41:14" hostname="DESKTOP-0VS6L43" time="0.596">
  <properties/>
  <testcase name="메인페이지_로딩" classname="org.practice.springboot.web.IndexControllerTest" time="0.596"/>
  <system-out><![CDATA[17:41:05.581 [Test worker] DEBUG org.springframework.test.context.junit4.SpringJUnit4ClassRunner - SpringJUnit4ClassRunner constructor called with [class org.practice.springboot.web.IndexControllerTest]
17:41:05.592 [Test worker] DEBUG org.springframework.test.context.BootstrapUtils - Instantiating CacheAwareContextLoaderDelegate from class [org.springframework.test.context.cache.DefaultCacheAwareContextLoaderDelegate]
17:41:05.605 [Test worker] DEBUG org.springframework.test.context.BootstrapUtils - Instantiating BootstrapContext using constructor [public org.springframework.test.context.support.DefaultBootstrapContext(java.lang.Class,org.springframework.test.context.CacheAwareContextLoaderDelegate)]
17:41:05.628 [Test worker] DEBUG org.springframework.test.context.BootstrapUtils - Instantiating TestContextBootstrapper for test class [org.practice.springboot.web.IndexControllerTest] from class [org.springframework.boot.test.context.SpringBootTestContextBootstrapper]
17:41:05.648 [Test worker] INFO org.springframework.boot.test.context.SpringBootTestContextBootstrapper - Neither @ContextConfiguration nor @ContextHierarchy found for test class [org.practice.springboot.web.IndexControllerTest], using SpringBootContextLoader
17:41:05.653 [Test worker] DEBUG org.springframework.test.context.support.AbstractContextLoader - Did not detect default resource location for test class [org.practice.springboot.web.IndexControllerTest]: class path resource [org/practice/springboot/web/IndexControllerTest-context.xml] does not exist
17:41:05.653 [Test worker] DEBUG org.springframework.test.context.support.AbstractContextLoader - Did not detect default resource location for test class [org.practice.springboot.web.IndexControllerTest]: class path resource [org/practice/springboot/web/IndexControllerTestContext.groovy] does not exist
17:41:05.654 [Test worker] INFO org.springframework.test.context.support.AbstractContextLoader - Could not detect default resource locations for test class [org.practice.springboot.web.IndexControllerTest]: no resource found for suffixes {-context.xml, Context.groovy}.
17:41:05.656 [Test worker] INFO org.springframework.test.context.support.AnnotationConfigContextLoaderUtils - Could not detect default configuration classes for test class [org.practice.springboot.web.IndexControllerTest]: IndexControllerTest does not declare any static, non-private, non-final, nested classes annotated with @Configuration.
17:41:05.710 [Test worker] DEBUG org.springframework.test.context.support.ActiveProfilesUtils - Could not find an 'annotation declaring class' for annotation type [org.springframework.test.context.ActiveProfiles] and class [org.practice.springboot.web.IndexControllerTest]
17:41:05.839 [Test worker] DEBUG org.springframework.context.annotation.ClassPathScanningCandidateComponentProvider - Identified candidate component class: file [C:\Users\김인교 Levi\Desktop\springboot-webservice-master\build\classes\java\main\org\practice\springboot\Application.class]
17:41:05.841 [Test worker] INFO org.springframework.boot.test.context.SpringBootTestContextBootstrapper - Found @SpringBootConfiguration org.practice.springboot.Application for test class org.practice.springboot.web.IndexControllerTest
17:41:05.954 [Test worker] DEBUG org.springframework.boot.test.context.SpringBootTestContextBootstrapper - @TestExecutionListeners is not present for class [org.practice.springboot.web.IndexControllerTest]: using defaults.
17:41:05.955 [Test worker] INFO org.springframework.boot.test.context.SpringBootTestContextBootstrapper - Loaded default TestExecutionListener class names from location [META-INF/spring.factories]: [org.springframework.security.test.context.support.WithSecurityContextTestExecutionListener, org.springframework.security.test.context.support.ReactorContextTestExecutionListener, org.springframework.boot.test.autoconfigure.restdocs.RestDocsTestExecutionListener, org.springframework.boot.test.autoconfigure.web.client.MockRestServiceServerResetTestExecutionListener, org.springframework.boot.test.autoconfigure.web.servlet.MockMvcPrintOnlyOnFailureTestExecutionListener, org.springframework.boot.test.autoconfigure.web.servlet.WebDriverTestExecutionListener, org.springframework.boot.test.mock.mockito.MockitoTestExecutionListener, org.springframework.boot.test.mock.mockito.ResetMocksTestExecutionListener, org.springframework.test.context.web.ServletTestExecutionListener, org.springframework.test.context.support.DirtiesContextBeforeModesTestExecutionListener, org.springframework.test.context.support.DependencyInjectionTestExecutionListener, org.springframework.test.context.support.DirtiesContextTestExecutionListener, org.springframework.test.context.transaction.TransactionalTestExecutionListener, org.springframework.test.context.jdbc.SqlScriptsTestExecutionListener]
17:41:05.986 [Test worker] INFO org.springframework.boot.test.context.SpringBootTestContextBootstrapper - Using TestExecutionListeners: [org.springframework.test.context.web.ServletTestExecutionListener@793e3576, org.springframework.test.context.support.DirtiesContextBeforeModesTestExecutionListener@66b4fd96, org.springframework.boot.test.mock.mockito.MockitoTestExecutionListener@110b24cc, org.springframework.boot.test.autoconfigure.SpringBootDependencyInjectionTestExecutionListener@21690769, org.springframework.test.context.support.DirtiesContextTestExecutionListener@297413b7, org.springframework.test.context.transaction.TransactionalTestExecutionListener@68ed1342, org.springframework.test.context.jdbc.SqlScriptsTestExecutionListener@208877d7, org.springframework.security.test.context.support.WithSecurityContextTestExecutionListener@49b36ee0, org.springframework.security.test.context.support.ReactorContextTestExecutionListener@405325ca, org.springframework.boot.test.autoconfigure.restdocs.RestDocsTestExecutionListener@40245981, org.springframework.boot.test.autoconfigure.web.client.MockRestServiceServerResetTestExecutionListener@2371a89d, org.springframework.boot.test.autoconfigure.web.servlet.MockMvcPrintOnlyOnFailureTestExecutionListener@7167067d, org.springframework.boot.test.autoconfigure.web.servlet.WebDriverTestExecutionListener@28c310ee, org.springframework.boot.test.mock.mockito.ResetMocksTestExecutionListener@4a49ac26]
17:41:05.990 [Test worker] DEBUG org.springframework.test.annotation.ProfileValueUtils - Retrieved @ProfileValueSourceConfiguration [null] for test class [org.practice.springboot.web.IndexControllerTest]
17:41:05.991 [Test worker] DEBUG org.springframework.test.annotation.ProfileValueUtils - Retrieved ProfileValueSource type [class org.springframework.test.annotation.SystemProfileValueSource] for class [org.practice.springboot.web.IndexControllerTest]
17:41:05.993 [Test worker] DEBUG org.springframework.test.annotation.ProfileValueUtils - Retrieved @ProfileValueSourceConfiguration [null] for test class [org.practice.springboot.web.IndexControllerTest]
17:41:05.993 [Test worker] DEBUG org.springframework.test.annotation.ProfileValueUtils - Retrieved ProfileValueSource type [class org.springframework.test.annotation.SystemProfileValueSource] for class [org.practice.springboot.web.IndexControllerTest]
17:41:05.994 [Test worker] DEBUG org.springframework.test.annotation.ProfileValueUtils - Retrieved @ProfileValueSourceConfiguration [null] for test class [org.practice.springboot.web.IndexControllerTest]
17:41:05.995 [Test worker] DEBUG org.springframework.test.annotation.ProfileValueUtils - Retrieved ProfileValueSource type [class org.springframework.test.annotation.SystemProfileValueSource] for class [org.practice.springboot.web.IndexControllerTest]
17:41:06.001 [Test worker] DEBUG org.springframework.test.context.support.AbstractDirtiesContextTestExecutionListener - Before test class: context [DefaultTestContext@494cafad testClass = IndexControllerTest, testInstance = [null], testMethod = [null], testException = [null], mergedContextConfiguration = [WebMergedContextConfiguration@ebd5f73 testClass = IndexControllerTest, locations = '{}', classes = '{class org.practice.springboot.Application}', contextInitializerClasses = '[]', activeProfiles = '{}', propertySourceLocations = '{}', propertySourceProperties = '{org.springframework.boot.test.context.SpringBootTestContextBootstrapper=true, server.port=0}', contextCustomizers = set[org.springframework.boot.test.autoconfigure.properties.PropertyMappingContextCustomizer@0, org.springframework.boot.test.autoconfigure.web.servlet.WebDriverContextCustomizerFactory$Customizer@4e6a0fce, org.springframework.boot.test.context.filter.ExcludeFilterContextCustomizer@440bf3a6, org.springframework.boot.test.json.DuplicateJsonObjectContextCustomizerFactory$DuplicateJsonObjectContextCustomizer@3a315547, org.springframework.boot.test.mock.mockito.MockitoContextCustomizer@0, org.springframework.boot.test.web.client.TestRestTemplateContextCustomizer@7234d68f], resourceBasePath = 'src/main/webapp', contextLoader = 'org.springframework.boot.test.context.SpringBootContextLoader', parent = [null]], attributes = map['org.springframework.test.context.web.ServletTestExecutionListener.activateListener' -> false]], class annotated with @DirtiesContext [false] with mode [null].
17:41:06.002 [Test worker] DEBUG org.springframework.test.annotation.ProfileValueUtils - Retrieved @ProfileValueSourceConfiguration [null] for test class [org.practice.springboot.web.IndexControllerTest]
17:41:06.003 [Test worker] DEBUG org.springframework.test.annotation.ProfileValueUtils - Retrieved ProfileValueSource type [class org.springframework.test.annotation.SystemProfileValueSource] for class [org.practice.springboot.web.IndexControllerTest]
17:41:06.009 [Test worker] DEBUG org.springframework.test.context.support.DependencyInjectionTestExecutionListener - Performing dependency injection for test context [[DefaultTestContext@494cafad testClass = IndexControllerTest, testInstance = org.practice.springboot.web.IndexControllerTest@73c04562, testMethod = [null], testException = [null], mergedContextConfiguration = [WebMergedContextConfiguration@ebd5f73 testClass = IndexControllerTest, locations = '{}', classes = '{class org.practice.springboot.Application}', contextInitializerClasses = '[]', activeProfiles = '{}', propertySourceLocations = '{}', propertySourceProperties = '{org.springframework.boot.test.context.SpringBootTestContextBootstrapper=true, server.port=0}', contextCustomizers = set[org.springframework.boot.test.autoconfigure.properties.PropertyMappingContextCustomizer@0, org.springframework.boot.test.autoconfigure.web.servlet.WebDriverContextCustomizerFactory$Customizer@4e6a0fce, org.springframework.boot.test.context.filter.ExcludeFilterContextCustomizer@440bf3a6, org.springframework.boot.test.json.DuplicateJsonObjectContextCustomizerFactory$DuplicateJsonObjectContextCustomizer@3a315547, org.springframework.boot.test.mock.mockito.MockitoContextCustomizer@0, org.springframework.boot.test.web.client.TestRestTemplateContextCustomizer@7234d68f], resourceBasePath = 'src/main/webapp', contextLoader = 'org.springframework.boot.test.context.SpringBootContextLoader', parent = [null]], attributes = map['org.springframework.test.context.web.ServletTestExecutionListener.activateListener' -> false]]].
17:41:06.041 [Test worker] DEBUG org.springframework.test.context.support.TestPropertySourceUtils - Adding inlined properties to environment: {spring.jmx.enabled=false, org.springframework.boot.test.context.SpringBootTestContextBootstrapper=true, server.port=0}

  .   ____          _            __ _ _
 /\\ / ___'_ __ _ _(_)_ __  __ _ \ \ \ \
( ( )\___ | '_ | '_| | '_ \/ _` | \ \ \ \
 \\/  ___)| |_)| | | | | || (_| |  ) ) ) )
  '  |____| .__|_| |_|_| |_\__, | / / / /
 =========|_|==============|___/=/_/_/_/
 :: Spring Boot ::        (v2.1.7.RELEASE)

2020-09-29 17:41:06.390  INFO 13692 --- [    Test worker] o.p.springboot.web.IndexControllerTest   : Starting IndexControllerTest on DESKTOP-0VS6L43 with PID 13692 (started by 김인교 Levi in C:\Users\김인교 Levi\Desktop\springboot-webservice-master)
2020-09-29 17:41:06.392  INFO 13692 --- [    Test worker] o.p.springboot.web.IndexControllerTest   : No active profile set, falling back to default profiles: default
2020-09-29 17:41:07.576  INFO 13692 --- [    Test worker] .s.d.r.c.RepositoryConfigurationDelegate : Bootstrapping Spring Data repositories in DEFAULT mode.
2020-09-29 17:41:07.690  INFO 13692 --- [    Test worker] .s.d.r.c.RepositoryConfigurationDelegate : Finished Spring Data repository scanning in 97ms. Found 2 repository interfaces.
2020-09-29 17:41:08.269  INFO 13692 --- [    Test worker] trationDelegate$BeanPostProcessorChecker : Bean 'org.springframework.transaction.annotation.ProxyTransactionManagementConfiguration' of type [org.springframework.transaction.annotation.ProxyTransactionManagementConfiguration$$EnhancerBySpringCGLIB$$af772ae2] is not eligible for getting processed by all BeanPostProcessors (for example: not eligible for auto-proxying)
2020-09-29 17:41:08.754  INFO 13692 --- [    Test worker] o.s.b.w.embedded.tomcat.TomcatWebServer  : Tomcat initialized with port(s): 0 (http)
2020-09-29 17:41:08.788  INFO 13692 --- [    Test worker] o.apache.catalina.core.StandardService   : Starting service [Tomcat]
2020-09-29 17:41:08.788  INFO 13692 --- [    Test worker] org.apache.catalina.core.StandardEngine  : Starting Servlet engine: [Apache Tomcat/9.0.22]
2020-09-29 17:41:08.964  INFO 13692 --- [    Test worker] o.a.c.c.C.[Tomcat].[localhost].[/]       : Initializing Spring embedded WebApplicationContext
2020-09-29 17:41:08.964  INFO 13692 --- [    Test worker] o.s.web.context.ContextLoader            : Root WebApplicationContext: initialization completed in 2541 ms
2020-09-29 17:41:09.329  INFO 13692 --- [    Test worker] com.zaxxer.hikari.HikariDataSource       : HikariPool-1 - Starting...
2020-09-29 17:41:09.529  INFO 13692 --- [    Test worker] com.zaxxer.hikari.HikariDataSource       : HikariPool-1 - Start completed.
2020-09-29 17:41:09.678  INFO 13692 --- [    Test worker] o.hibernate.jpa.internal.util.LogHelper  : HHH000204: Processing PersistenceUnitInfo [
	name: default
	...]
2020-09-29 17:41:09.775  INFO 13692 --- [    Test worker] org.hibernate.Version                    : HHH000412: Hibernate Core {5.3.10.Final}
2020-09-29 17:41:09.779  INFO 13692 --- [    Test worker] org.hibernate.cfg.Environment            : HHH000206: hibernate.properties not found
2020-09-29 17:41:10.077  INFO 13692 --- [    Test worker] o.hibernate.annotations.common.Version   : HCANN000001: Hibernate Commons Annotations {5.0.4.Final}
2020-09-29 17:41:10.392  INFO 13692 --- [    Test worker] org.hibernate.dialect.Dialect            : HHH000400: Using dialect: org.hibernate.dialect.MySQL5InnoDBDialect
Hibernate: drop table if exists posts
Hibernate: drop table if exists user
Hibernate: create table posts (id bigint not null auto_increment, created_date datetime, modified_date datetime, author varchar(255), content TEXT not null, title varchar(500) not null, primary key (id)) engine=InnoDB
Hibernate: create table user (id bigint not null auto_increment, created_date datetime, modified_date datetime, email varchar(255) not null, name varchar(255) not null, picture varchar(255), role varchar(255) not null, primary key (id)) engine=InnoDB
2020-09-29 17:41:11.370  INFO 13692 --- [    Test worker] o.h.t.schema.internal.SchemaCreatorImpl  : HHH000476: Executing import script 'org.hibernate.tool.schema.internal.exec.ScriptSourceInputNonExistentImpl@1681b8f1'
2020-09-29 17:41:11.374  INFO 13692 --- [    Test worker] j.LocalContainerEntityManagerFactoryBean : Initialized JPA EntityManagerFactory for persistence unit 'default'
2020-09-29 17:41:12.518  INFO 13692 --- [    Test worker] o.h.h.i.QueryTranslatorFactoryInitiator  : HHH000397: Using ASTQueryTranslatorFactory
2020-09-29 17:41:13.213  INFO 13692 --- [    Test worker] o.s.s.web.DefaultSecurityFilterChain     : Creating filter chain: any request, [org.springframework.security.web.context.request.async.WebAsyncManagerIntegrationFilter@c16de0b, org.springframework.security.web.context.SecurityContextPersistenceFilter@18442f39, org.springframework.security.web.header.HeaderWriterFilter@5a90bbd8, org.springframework.security.web.authentication.logout.LogoutFilter@4f147a41, org.springframework.security.oauth2.client.web.OAuth2AuthorizationRequestRedirectFilter@69318e17, org.springframework.security.oauth2.client.web.OAuth2LoginAuthenticationFilter@231d8197, org.springframework.security.web.authentication.ui.DefaultLoginPageGeneratingFilter@4937509b, org.springframework.security.web.authentication.ui.DefaultLogoutPageGeneratingFilter@3ba55f4c, org.springframework.security.web.savedrequest.RequestCacheAwareFilter@11809fff, org.springframework.security.web.servletapi.SecurityContextHolderAwareRequestFilter@7dad71c8, org.springframework.security.web.authentication.AnonymousAuthenticationFilter@107885ea, org.springframework.security.web.session.SessionManagementFilter@3a822a8, org.springframework.security.web.access.ExceptionTranslationFilter@3666f7f9, org.springframework.security.web.access.intercept.FilterSecurityInterceptor@1ae4ed5e]
2020-09-29 17:41:13.765  INFO 13692 --- [    Test worker] o.s.s.concurrent.ThreadPoolTaskExecutor  : Initializing ExecutorService 'applicationTaskExecutor'
2020-09-29 17:41:13.851  WARN 13692 --- [    Test worker] aWebConfiguration$JpaWebMvcConfiguration : spring.jpa.open-in-view is enabled by default. Therefore, database queries may be performed during view rendering. Explicitly configure spring.jpa.open-in-view to disable this warning
2020-09-29 17:41:13.931  INFO 13692 --- [    Test worker] o.s.b.a.w.s.WelcomePageHandlerMapping    : Adding welcome page template: index
2020-09-29 17:41:14.510  INFO 13692 --- [    Test worker] s.a.ScheduledAnnotationBeanPostProcessor : No TaskScheduler/ScheduledExecutorService bean found for scheduled processing
2020-09-29 17:41:14.549  INFO 13692 --- [    Test worker] o.s.b.w.embedded.tomcat.TomcatWebServer  : Tomcat started on port(s): 13498 (http) with context path ''
2020-09-29 17:41:14.552  INFO 13692 --- [    Test worker] o.p.springboot.web.IndexControllerTest   : Started IndexControllerTest in 8.509 seconds (JVM running for 9.824)
2020-09-29 17:41:14.820  INFO 13692 --- [o-auto-1-exec-1] o.a.c.c.C.[Tomcat].[localhost].[/]       : Initializing Spring DispatcherServlet 'dispatcherServlet'
2020-09-29 17:41:14.820  INFO 13692 --- [o-auto-1-exec-1] o.s.web.servlet.DispatcherServlet        : Initializing Servlet 'dispatcherServlet'
2020-09-29 17:41:14.852  INFO 13692 --- [o-auto-1-exec-1] o.s.web.servlet.DispatcherServlet        : Completed initialization in 32 ms
Hibernate: select posts0_.id as id1_0_, posts0_.created_date as created_2_0_, posts0_.modified_date as modified3_0_, posts0_.author as author4_0_, posts0_.content as content5_0_, posts0_.title as title6_0_ from posts posts0_ order by posts0_.id DESC
]]></system-out>
  <system-err><![CDATA[]]></system-err>
</testsuite>
